#
# A fatal error has been detected by the Java Runtime Environment:
#
#  Internal Error (safepoint.cpp:919), pid=681, tid=26631
#  fatal error: Illegal threadstate encountered: 4
#
# JRE version: OpenJDK Runtime Environment Temurin-11.0.14.1+1 (11.0.14.1+1) (build 11.0.14.1+1)
# Java VM: OpenJDK 64-Bit Server VM Temurin-11.0.14.1+1 (11.0.14.1+1, mixed mode, tiered, compressed oops, g1 gc, bsd-amd64)
# No core dump will be written. Core dumps have been disabled. To enable core dumping, try "ulimit -c unlimited" before starting Java again
#
# If you would like to submit a bug report, please visit:
#   https://github.com/adoptium/adoptium-support/issues
# The crash happened outside the Java Virtual Machine in native code.
# See problematic frame for where to report the bug.
#

---------------  S U M M A R Y ------------

Command Line: -Dfile.encoding=UTF-8 it.polito.tdp.lab04.Main

Host: MacBookPro14,1 x86_64 2300 MHz, 4 cores, 8G, Darwin 21.3.0
Time: Wed Mar 30 16:17:50 2022 CEST elapsed time: 3.647613 seconds (0d 0h 0m 3s)

---------------  T H R E A D  ---------------

Current thread (0x00007fadac1cb800):  JavaThread "InvokeLaterDispatcher" daemon [_thread_in_native, id=26631, stack(0x0000700002175000,0x0000700002275000)]

Stack: [0x0000700002175000,0x0000700002275000],  sp=0x00007000022732d0,  free space=1016k
Native frames: (J=compiled Java code, A=aot compiled Java code, j=interpreted, Vv=VM code, C=native code)
V  [libjvm.dylib+0x7c5ab3]  _ZN7VMError14report_and_dieEiPKcS1_P13__va_list_tagP6ThreadPhPvS7_S1_im+0x601
V  [libjvm.dylib+0x276985]  _Z12report_fatal11VMErrorTypePKciS1_z+0xc0
V  [libjvm.dylib+0x69bc15]  _ZN20SafepointSynchronize5blockEP10JavaThread+0x1d9
V  [libjvm.dylib+0x69d183]  _ZN18SafepointMechanism23block_if_requested_slowEP10JavaThread+0x1d
V  [libjvm.dylib+0x77e5c4]  _ZN10JavaThread44check_safepoint_and_suspend_for_native_transEPS_+0x9c
V  [libjvm.dylib+0x3f36ae]  jni_DeleteGlobalRef+0x93
C  [libglass.dylib+0x8871]  -[GlassRunnable dealloc]+0x31
C  [Foundation+0x80eab]  -[_NSThreadPerformInfo dealloc]+0x2a
C  [Foundation+0x4dcd7]  -[NSObject(NSThreadPerformAdditions) performSelectorOnMainThread:withObject:waitUntilDone:]+0x7c
j  com.sun.glass.ui.mac.MacApplication._submitForLaterInvocation(Ljava/lang/Runnable;)V+0
j  com.sun.glass.ui.mac.MacApplication.submitForLaterInvocation(Ljava/lang/Runnable;)V+2
j  com.sun.glass.ui.InvokeLaterDispatcher.run()V+82
v  ~StubRoutines::call_stub
V  [libjvm.dylib+0x3b7c22]  _ZN9JavaCalls11call_helperEP9JavaValueRK12methodHandleP17JavaCallArgumentsP6Thread+0x1fe
V  [libjvm.dylib+0x3b7088]  _ZN9JavaCalls12call_virtualEP9JavaValueP5KlassP6SymbolS5_P17JavaCallArgumentsP6Thread+0xee
V  [libjvm.dylib+0x3b7144]  _ZN9JavaCalls12call_virtualEP9JavaValue6HandleP5KlassP6SymbolS6_P6Thread+0x62
V  [libjvm.dylib+0x43dfce]  _ZL12thread_entryP10JavaThreadP6Thread+0x78
V  [libjvm.dylib+0x77d03c]  _ZN10JavaThread17thread_main_innerEv+0x82
V  [libjvm.dylib+0x77ce86]  _ZN10JavaThread3runEv+0x122
V  [libjvm.dylib+0x77ada0]  _ZN6Thread8call_runEv+0x68
V  [libjvm.dylib+0x6291d1]  _ZL19thread_native_entryP6Thread+0x139
C  [libsystem_pthread.dylib+0x64f4]  _pthread_start+0x7d
C  [libsystem_pthread.dylib+0x200f]  thread_start+0xf

Java frames: (J=compiled Java code, j=interpreted, Vv=VM code)
j  com.sun.glass.ui.mac.MacApplication._submitForLaterInvocation(Ljava/lang/Runnable;)V+0
j  com.sun.glass.ui.mac.MacApplication.submitForLaterInvocation(Ljava/lang/Runnable;)V+2
j  com.sun.glass.ui.InvokeLaterDispatcher.run()V+82
v  ~StubRoutines::call_stub

---------------  P R O C E S S  ---------------

Threads class SMR info:
_java_thread_list=0x00006000011224a0, length=17, elements={
0x00007fadac00c800, 0x00007fadac826000, 0x00007fadac0ac000, 0x00007fadae028000,
0x00007fadae030800, 0x00007fadae031800, 0x00007fadae032000, 0x00007fadae033000,
0x00007fadae072000, 0x00007fadad8be000, 0x00007fadac894000, 0x00007fadac1cb800,
0x00007fadad9f5800, 0x00007fadae3bf000, 0x00007fadae5aa000, 0x00007fadaca90000,
0x00007fadac329000
}

Java Threads: ( => current thread )
  0x00007fadac00c800 JavaThread "main" [_thread_blocked, id=6147, stack(0x0000700000d36000,0x0000700000e36000)]
  0x00007fadac826000 JavaThread "Reference Handler" daemon [_thread_blocked, id=13571, stack(0x000070000144b000,0x000070000154b000)]
  0x00007fadac0ac000 JavaThread "Finalizer" daemon [_thread_blocked, id=17411, stack(0x000070000154e000,0x000070000164e000)]
  0x00007fadae028000 JavaThread "Signal Dispatcher" daemon [_thread_blocked, id=15363, stack(0x0000700001757000,0x0000700001857000)]
  0x00007fadae030800 JavaThread "Service Thread" daemon [_thread_blocked, id=43267, stack(0x000070000185a000,0x000070000195a000)]
  0x00007fadae031800 JavaThread "C2 CompilerThread0" daemon [_thread_in_native, id=42755, stack(0x000070000195d000,0x0000700001a5d000)]
  0x00007fadae032000 JavaThread "C1 CompilerThread0" daemon [_thread_in_vm, id=22275, stack(0x0000700001a60000,0x0000700001b60000)]
  0x00007fadae033000 JavaThread "Sweeper thread" daemon [_thread_blocked, id=22531, stack(0x0000700001b63000,0x0000700001c63000)]
  0x00007fadae072000 JavaThread "Common-Cleaner" daemon [_thread_blocked, id=40707, stack(0x0000700001d69000,0x0000700001e69000)]
  0x00007fadad8be000 JavaThread "JavaFX-Launcher" [_thread_blocked, id=40195, stack(0x0000700001e6c000,0x0000700001f6c000)]
  0x00007fadac894000 JavaThread "QuantumRenderer-0" daemon [_thread_blocked, id=23811, stack(0x0000700001f6f000,0x000070000206f000)]
=>0x00007fadac1cb800 JavaThread "InvokeLaterDispatcher" daemon [_thread_in_native, id=26631, stack(0x0000700002175000,0x0000700002275000)]
  0x00007fadad9f5800 JavaThread "JavaFX Application Thread" [_thread_in_native_trans, id=259, stack(0x00007ff7ba0b4000,0x00007ff7ba8b4000)]
  0x00007fadae3bf000 JavaThread "Thread-3" daemon [_thread_in_native, id=47627, stack(0x0000700002278000,0x00007000022f8000)]
  0x00007fadae5aa000 JavaThread "Prism Font Disposer" daemon [_thread_blocked, id=73503, stack(0x0000700002893000,0x0000700002993000)]
  0x00007fadaca90000 JavaThread "Cleaner-0" daemon [_thread_blocked, id=66571, stack(0x0000700002996000,0x0000700002a96000)]
  0x00007fadac329000 JavaThread "C2 CompilerThread1" daemon [_thread_in_native, id=24147, stack(0x0000700002072000,0x0000700002172000)]

Other Threads:
  0x00007fadac80c000 VMThread "VM Thread" [stack: 0x0000700001348000,0x0000700001448000] [id=18179]
  0x00007fadae02f800 WatcherThread [stack: 0x0000700001c66000,0x0000700001d66000] [id=41219]
  0x00007fadac81b800 GCTaskThread "GC Thread#0" [stack: 0x0000700000e39000,0x0000700000f39000] [id=20739]
  0x00007fadae1ea800 GCTaskThread "GC Thread#1" [stack: 0x000070000258a000,0x000070000268a000] [id=53251]
  0x00007fadac942000 GCTaskThread "GC Thread#2" [stack: 0x000070000268d000,0x000070000278d000] [id=76035]
  0x00007fadac943000 GCTaskThread "GC Thread#3" [stack: 0x0000700002790000,0x0000700002890000] [id=75523]
  0x00007fadac02d800 ConcurrentGCThread "G1 Main Marker" [stack: 0x0000700000f3c000,0x000070000103c000] [id=11523]
  0x00007fadac02e800 ConcurrentGCThread "G1 Conc#0" [stack: 0x000070000103f000,0x000070000113f000] [id=19715]
  0x00007fadac07f000 ConcurrentGCThread "G1 Refine#0" [stack: 0x0000700001142000,0x0000700001242000] [id=19203]
  0x00007fadad80d800 ConcurrentGCThread "G1 Young RemSet Sampling" [stack: 0x0000700001245000,0x0000700001345000] [id=18691]

Threads with active compile tasks:
C2 CompilerThread0   3682 2556       4       javafx.scene.CssStyleHelper::resolveLookups (463 bytes)
C2 CompilerThread1   3682 2574       4       javafx.scene.CssStyleHelper::resolveRef (128 bytes)

VM state:not at safepoint (normal execution)

VM Mutex/Monitor currently owned by a thread: None

Heap address: 0x0000000780000000, size: 2048 MB, Compressed Oops mode: Zero based, Oop shift amount: 3
Narrow klass base: 0x0000000800000000, Narrow klass shift: 0
Compressed class space size: 1073741824 Address: 0x0000000800000000

Heap:
 garbage-first heap   total 131072K, used 36429K [0x0000000780000000, 0x0000000800000000)
  region size 1024K, 31 young (31744K), 4 survivors (4096K)
 Metaspace       used 27841K, capacity 29027K, committed 29360K, reserved 1075200K
  class space    used 3515K, capacity 4014K, committed 4096K, reserved 1048576K
Heap Regions: E=young(eden), S=young(survivor), O=old, HS=humongous(starts), HC=humongous(continues), CS=collection set, F=free, A=archive, TAMS=top-at-mark-start (previous, next)
|   0|0x0000000780000000, 0x0000000780100000, 0x0000000780100000|100%| O|  |TAMS 0x0000000780100000, 0x0000000780000000| Untracked 
|   1|0x0000000780100000, 0x0000000780200000, 0x0000000780200000|100%| O|  |TAMS 0x0000000780200000, 0x0000000780100000| Untracked 
|   2|0x0000000780200000, 0x0000000780300000, 0x0000000780300000|100%| O|  |TAMS 0x0000000780300000, 0x0000000780200000| Untracked 
|   3|0x0000000780300000, 0x0000000780353400, 0x0000000780400000| 32%| O|  |TAMS 0x0000000780353400, 0x0000000780300000| Untracked 
|   4|0x0000000780400000, 0x0000000780500000, 0x0000000780500000|100%|HS|  |TAMS 0x0000000780400000, 0x0000000780400000| Complete 
|   5|0x0000000780500000, 0x0000000780600000, 0x0000000780600000|100%|HC|  |TAMS 0x0000000780500000, 0x0000000780500000| Complete 
|   6|0x0000000780600000, 0x0000000780700000, 0x0000000780700000|100%|HS|  |TAMS 0x0000000780600000, 0x0000000780600000| Complete 
|   7|0x0000000780700000, 0x0000000780800000, 0x0000000780800000|100%|HC|  |TAMS 0x0000000780700000, 0x0000000780700000| Complete 
|   8|0x0000000780800000, 0x0000000780800000, 0x0000000780900000|  0%| F|  |TAMS 0x0000000780800000, 0x0000000780800000| Untracked 
|   9|0x0000000780900000, 0x0000000780900000, 0x0000000780a00000|  0%| F|  |TAMS 0x0000000780900000, 0x0000000780900000| Untracked 
|  10|0x0000000780a00000, 0x0000000780a00000, 0x0000000780b00000|  0%| F|  |TAMS 0x0000000780a00000, 0x0000000780a00000| Untracked 
|  11|0x0000000780b00000, 0x0000000780b00000, 0x0000000780c00000|  0%| F|  |TAMS 0x0000000780b00000, 0x0000000780b00000| Untracked 
|  12|0x0000000780c00000, 0x0000000780c00000, 0x0000000780d00000|  0%| F|  |TAMS 0x0000000780c00000, 0x0000000780c00000| Untracked 
|  13|0x0000000780d00000, 0x0000000780d00000, 0x0000000780e00000|  0%| F|  |TAMS 0x0000000780d00000, 0x0000000780d00000| Untracked 
|  14|0x0000000780e00000, 0x0000000780e00000, 0x0000000780f00000|  0%| F|  |TAMS 0x0000000780e00000, 0x0000000780e00000| Untracked 
|  15|0x0000000780f00000, 0x0000000780f00000, 0x0000000781000000|  0%| F|  |TAMS 0x0000000780f00000, 0x0000000780f00000| Untracked 
|  16|0x0000000781000000, 0x0000000781000000, 0x0000000781100000|  0%| F|  |TAMS 0x0000000781000000, 0x0000000781000000| Untracked 
|  17|0x0000000781100000, 0x0000000781100000, 0x0000000781200000|  0%| F|  |TAMS 0x0000000781100000, 0x0000000781100000| Untracked 
|  18|0x0000000781200000, 0x0000000781200000, 0x0000000781300000|  0%| F|  |TAMS 0x0000000781200000, 0x0000000781200000| Untracked 
|  19|0x0000000781300000, 0x0000000781300000, 0x0000000781400000|  0%| F|  |TAMS 0x0000000781300000, 0x0000000781300000| Untracked 
|  20|0x0000000781400000, 0x0000000781400000, 0x0000000781500000|  0%| F|  |TAMS 0x0000000781400000, 0x0000000781400000| Untracked 
|  21|0x0000000781500000, 0x0000000781500000, 0x0000000781600000|  0%| F|  |TAMS 0x0000000781500000, 0x0000000781500000| Untracked 
|  22|0x0000000781600000, 0x0000000781600000, 0x0000000781700000|  0%| F|  |TAMS 0x0000000781600000, 0x0000000781600000| Untracked 
|  23|0x0000000781700000, 0x0000000781700000, 0x0000000781800000|  0%| F|  |TAMS 0x0000000781700000, 0x0000000781700000| Untracked 
|  24|0x0000000781800000, 0x0000000781800000, 0x0000000781900000|  0%| F|  |TAMS 0x0000000781800000, 0x0000000781800000| Untracked 
|  25|0x0000000781900000, 0x0000000781900000, 0x0000000781a00000|  0%| F|  |TAMS 0x0000000781900000, 0x0000000781900000| Untracked 
|  26|0x0000000781a00000, 0x0000000781a00000, 0x0000000781b00000|  0%| F|  |TAMS 0x0000000781a00000, 0x0000000781a00000| Untracked 
|  27|0x0000000781b00000, 0x0000000781b00000, 0x0000000781c00000|  0%| F|  |TAMS 0x0000000781b00000, 0x0000000781b00000| Untracked 
|  28|0x0000000781c00000, 0x0000000781c00000, 0x0000000781d00000|  0%| F|  |TAMS 0x0000000781c00000, 0x0000000781c00000| Untracked 
|  29|0x0000000781d00000, 0x0000000781d00000, 0x0000000781e00000|  0%| F|  |TAMS 0x0000000781d00000, 0x0000000781d00000| Untracked 
|  30|0x0000000781e00000, 0x0000000781e00000, 0x0000000781f00000|  0%| F|  |TAMS 0x0000000781e00000, 0x0000000781e00000| Untracked 
|  31|0x0000000781f00000, 0x0000000781f00000, 0x0000000782000000|  0%| F|  |TAMS 0x0000000781f00000, 0x0000000781f00000| Untracked 
|  32|0x0000000782000000, 0x0000000782000000, 0x0000000782100000|  0%| F|  |TAMS 0x0000000782000000, 0x0000000782000000| Untracked 
|  33|0x0000000782100000, 0x0000000782100000, 0x0000000782200000|  0%| F|  |TAMS 0x0000000782100000, 0x0000000782100000| Untracked 
|  34|0x0000000782200000, 0x0000000782200000, 0x0000000782300000|  0%| F|  |TAMS 0x0000000782200000, 0x0000000782200000| Untracked 
|  35|0x0000000782300000, 0x0000000782300000, 0x0000000782400000|  0%| F|  |TAMS 0x0000000782300000, 0x0000000782300000| Untracked 
|  36|0x0000000782400000, 0x0000000782400000, 0x0000000782500000|  0%| F|  |TAMS 0x0000000782400000, 0x0000000782400000| Untracked 
|  37|0x0000000782500000, 0x0000000782500000, 0x0000000782600000|  0%| F|  |TAMS 0x0000000782500000, 0x0000000782500000| Untracked 
|  38|0x0000000782600000, 0x0000000782600000, 0x0000000782700000|  0%| F|  |TAMS 0x0000000782600000, 0x0000000782600000| Untracked 
|  39|0x0000000782700000, 0x0000000782700000, 0x0000000782800000|  0%| F|  |TAMS 0x0000000782700000, 0x0000000782700000| Untracked 
|  40|0x0000000782800000, 0x0000000782800000, 0x0000000782900000|  0%| F|  |TAMS 0x0000000782800000, 0x0000000782800000| Untracked 
|  41|0x0000000782900000, 0x0000000782900000, 0x0000000782a00000|  0%| F|  |TAMS 0x0000000782900000, 0x0000000782900000| Untracked 
|  42|0x0000000782a00000, 0x0000000782a00000, 0x0000000782b00000|  0%| F|  |TAMS 0x0000000782a00000, 0x0000000782a00000| Untracked 
|  43|0x0000000782b00000, 0x0000000782b00000, 0x0000000782c00000|  0%| F|  |TAMS 0x0000000782b00000, 0x0000000782b00000| Untracked 
|  44|0x0000000782c00000, 0x0000000782c00000, 0x0000000782d00000|  0%| F|  |TAMS 0x0000000782c00000, 0x0000000782c00000| Untracked 
|  45|0x0000000782d00000, 0x0000000782d00000, 0x0000000782e00000|  0%| F|  |TAMS 0x0000000782d00000, 0x0000000782d00000| Untracked 
|  46|0x0000000782e00000, 0x0000000782e00000, 0x0000000782f00000|  0%| F|  |TAMS 0x0000000782e00000, 0x0000000782e00000| Untracked 
|  47|0x0000000782f00000, 0x0000000782f00000, 0x0000000783000000|  0%| F|  |TAMS 0x0000000782f00000, 0x0000000782f00000| Untracked 
|  48|0x0000000783000000, 0x0000000783000000, 0x0000000783100000|  0%| F|  |TAMS 0x0000000783000000, 0x0000000783000000| Untracked 
|  49|0x0000000783100000, 0x0000000783100000, 0x0000000783200000|  0%| F|  |TAMS 0x0000000783100000, 0x0000000783100000| Untracked 
|  50|0x0000000783200000, 0x0000000783200000, 0x0000000783300000|  0%| F|  |TAMS 0x0000000783200000, 0x0000000783200000| Untracked 
|  51|0x0000000783300000, 0x0000000783300000, 0x0000000783400000|  0%| F|  |TAMS 0x0000000783300000, 0x0000000783300000| Untracked 
|  52|0x0000000783400000, 0x0000000783400000, 0x0000000783500000|  0%| F|  |TAMS 0x0000000783400000, 0x0000000783400000| Untracked 
|  53|0x0000000783500000, 0x0000000783500000, 0x0000000783600000|  0%| F|  |TAMS 0x0000000783500000, 0x0000000783500000| Untracked 
|  54|0x0000000783600000, 0x0000000783600000, 0x0000000783700000|  0%| F|  |TAMS 0x0000000783600000, 0x0000000783600000| Untracked 
|  55|0x0000000783700000, 0x0000000783700000, 0x0000000783800000|  0%| F|  |TAMS 0x0000000783700000, 0x0000000783700000| Untracked 
|  56|0x0000000783800000, 0x0000000783800000, 0x0000000783900000|  0%| F|  |TAMS 0x0000000783800000, 0x0000000783800000| Untracked 
|  57|0x0000000783900000, 0x0000000783900000, 0x0000000783a00000|  0%| F|  |TAMS 0x0000000783900000, 0x0000000783900000| Untracked 
|  58|0x0000000783a00000, 0x0000000783a00000, 0x0000000783b00000|  0%| F|  |TAMS 0x0000000783a00000, 0x0000000783a00000| Untracked 
|  59|0x0000000783b00000, 0x0000000783b00000, 0x0000000783c00000|  0%| F|  |TAMS 0x0000000783b00000, 0x0000000783b00000| Untracked 
|  60|0x0000000783c00000, 0x0000000783c00000, 0x0000000783d00000|  0%| F|  |TAMS 0x0000000783c00000, 0x0000000783c00000| Untracked 
|  61|0x0000000783d00000, 0x0000000783d00000, 0x0000000783e00000|  0%| F|  |TAMS 0x0000000783d00000, 0x0000000783d00000| Untracked 
|  62|0x0000000783e00000, 0x0000000783e00000, 0x0000000783f00000|  0%| F|  |TAMS 0x0000000783e00000, 0x0000000783e00000| Untracked 
|  63|0x0000000783f00000, 0x0000000783f00000, 0x0000000784000000|  0%| F|  |TAMS 0x0000000783f00000, 0x0000000783f00000| Untracked 
|  64|0x0000000784000000, 0x0000000784000000, 0x0000000784100000|  0%| F|  |TAMS 0x0000000784000000, 0x0000000784000000| Untracked 
|  65|0x0000000784100000, 0x0000000784100000, 0x0000000784200000|  0%| F|  |TAMS 0x0000000784100000, 0x0000000784100000| Untracked 
|  66|0x0000000784200000, 0x0000000784200000, 0x0000000784300000|  0%| F|  |TAMS 0x0000000784200000, 0x0000000784200000| Untracked 
|  67|0x0000000784300000, 0x0000000784300000, 0x0000000784400000|  0%| F|  |TAMS 0x0000000784300000, 0x0000000784300000| Untracked 
|  68|0x0000000784400000, 0x0000000784400000, 0x0000000784500000|  0%| F|  |TAMS 0x0000000784400000, 0x0000000784400000| Untracked 
|  69|0x0000000784500000, 0x0000000784500000, 0x0000000784600000|  0%| F|  |TAMS 0x0000000784500000, 0x0000000784500000| Untracked 
|  70|0x0000000784600000, 0x0000000784600000, 0x0000000784700000|  0%| F|  |TAMS 0x0000000784600000, 0x0000000784600000| Untracked 
|  71|0x0000000784700000, 0x0000000784700000, 0x0000000784800000|  0%| F|  |TAMS 0x0000000784700000, 0x0000000784700000| Untracked 
|  72|0x0000000784800000, 0x0000000784800000, 0x0000000784900000|  0%| F|  |TAMS 0x0000000784800000, 0x0000000784800000| Untracked 
|  73|0x0000000784900000, 0x0000000784900000, 0x0000000784a00000|  0%| F|  |TAMS 0x0000000784900000, 0x0000000784900000| Untracked 
|  74|0x0000000784a00000, 0x0000000784a00000, 0x0000000784b00000|  0%| F|  |TAMS 0x0000000784a00000, 0x0000000784a00000| Untracked 
|  75|0x0000000784b00000, 0x0000000784b00000, 0x0000000784c00000|  0%| F|  |TAMS 0x0000000784b00000, 0x0000000784b00000| Untracked 
|  76|0x0000000784c00000, 0x0000000784c00000, 0x0000000784d00000|  0%| F|  |TAMS 0x0000000784c00000, 0x0000000784c00000| Untracked 
|  77|0x0000000784d00000, 0x0000000784d00000, 0x0000000784e00000|  0%| F|  |TAMS 0x0000000784d00000, 0x0000000784d00000| Untracked 
|  78|0x0000000784e00000, 0x0000000784e00000, 0x0000000784f00000|  0%| F|  |TAMS 0x0000000784e00000, 0x0000000784e00000| Untracked 
|  79|0x0000000784f00000, 0x0000000784f00000, 0x0000000785000000|  0%| F|  |TAMS 0x0000000784f00000, 0x0000000784f00000| Untracked 
|  80|0x0000000785000000, 0x0000000785000000, 0x0000000785100000|  0%| F|  |TAMS 0x0000000785000000, 0x0000000785000000| Untracked 
|  81|0x0000000785100000, 0x0000000785100000, 0x0000000785200000|  0%| F|  |TAMS 0x0000000785100000, 0x0000000785100000| Untracked 
|  82|0x0000000785200000, 0x0000000785200000, 0x0000000785300000|  0%| F|  |TAMS 0x0000000785200000, 0x0000000785200000| Untracked 
|  83|0x0000000785300000, 0x0000000785300000, 0x0000000785400000|  0%| F|  |TAMS 0x0000000785300000, 0x0000000785300000| Untracked 
|  84|0x0000000785400000, 0x0000000785400000, 0x0000000785500000|  0%| F|  |TAMS 0x0000000785400000, 0x0000000785400000| Untracked 
|  85|0x0000000785500000, 0x0000000785500000, 0x0000000785600000|  0%| F|  |TAMS 0x0000000785500000, 0x0000000785500000| Untracked 
|  86|0x0000000785600000, 0x0000000785600000, 0x0000000785700000|  0%| F|  |TAMS 0x0000000785600000, 0x0000000785600000| Untracked 
|  87|0x0000000785700000, 0x0000000785700000, 0x0000000785800000|  0%| F|  |TAMS 0x0000000785700000, 0x0000000785700000| Untracked 
|  88|0x0000000785800000, 0x0000000785800000, 0x0000000785900000|  0%| F|  |TAMS 0x0000000785800000, 0x0000000785800000| Untracked 
|  89|0x0000000785900000, 0x0000000785900000, 0x0000000785a00000|  0%| F|  |TAMS 0x0000000785900000, 0x0000000785900000| Untracked 
|  90|0x0000000785a00000, 0x0000000785a00000, 0x0000000785b00000|  0%| F|  |TAMS 0x0000000785a00000, 0x0000000785a00000| Untracked 
|  91|0x0000000785b00000, 0x0000000785b00000, 0x0000000785c00000|  0%| F|  |TAMS 0x0000000785b00000, 0x0000000785b00000| Untracked 
|  92|0x0000000785c00000, 0x0000000785c00000, 0x0000000785d00000|  0%| F|  |TAMS 0x0000000785c00000, 0x0000000785c00000| Untracked 
|  93|0x0000000785d00000, 0x0000000785d00000, 0x0000000785e00000|  0%| F|  |TAMS 0x0000000785d00000, 0x0000000785d00000| Untracked 
|  94|0x0000000785e00000, 0x0000000785e00000, 0x0000000785f00000|  0%| F|  |TAMS 0x0000000785e00000, 0x0000000785e00000| Untracked 
|  95|0x0000000785f00000, 0x0000000785f00000, 0x0000000786000000|  0%| F|  |TAMS 0x0000000785f00000, 0x0000000785f00000| Untracked 
|  96|0x0000000786000000, 0x0000000786000000, 0x0000000786100000|  0%| F|  |TAMS 0x0000000786000000, 0x0000000786000000| Untracked 
|  97|0x0000000786100000, 0x000000078616f010, 0x0000000786200000| 43%| E|  |TAMS 0x0000000786100000, 0x0000000786100000| Complete 
|  98|0x0000000786200000, 0x00000007862eae30, 0x0000000786300000| 91%| E|  |TAMS 0x0000000786200000, 0x0000000786200000| Complete 
|  99|0x0000000786300000, 0x0000000786400000, 0x0000000786400000|100%| E|CS|TAMS 0x0000000786300000, 0x0000000786300000| Complete 
| 100|0x0000000786400000, 0x0000000786500000, 0x0000000786500000|100%| E|CS|TAMS 0x0000000786400000, 0x0000000786400000| Complete 
| 101|0x0000000786500000, 0x0000000786600000, 0x0000000786600000|100%| E|CS|TAMS 0x0000000786500000, 0x0000000786500000| Complete 
| 102|0x0000000786600000, 0x0000000786700000, 0x0000000786700000|100%| E|CS|TAMS 0x0000000786600000, 0x0000000786600000| Complete 
| 103|0x0000000786700000, 0x0000000786800000, 0x0000000786800000|100%| E|CS|TAMS 0x0000000786700000, 0x0000000786700000| Complete 
| 104|0x0000000786800000, 0x0000000786900000, 0x0000000786900000|100%| E|CS|TAMS 0x0000000786800000, 0x0000000786800000| Complete 
| 105|0x0000000786900000, 0x0000000786a00000, 0x0000000786a00000|100%| E|CS|TAMS 0x0000000786900000, 0x0000000786900000| Complete 
| 106|0x0000000786a00000, 0x0000000786b00000, 0x0000000786b00000|100%| E|CS|TAMS 0x0000000786a00000, 0x0000000786a00000| Complete 
| 107|0x0000000786b00000, 0x0000000786c00000, 0x0000000786c00000|100%| E|CS|TAMS 0x0000000786b00000, 0x0000000786b00000| Complete 
| 108|0x0000000786c00000, 0x0000000786d00000, 0x0000000786d00000|100%| E|CS|TAMS 0x0000000786c00000, 0x0000000786c00000| Complete 
| 109|0x0000000786d00000, 0x0000000786e00000, 0x0000000786e00000|100%| E|CS|TAMS 0x0000000786d00000, 0x0000000786d00000| Complete 
| 110|0x0000000786e00000, 0x0000000786f00000, 0x0000000786f00000|100%| E|CS|TAMS 0x0000000786e00000, 0x0000000786e00000| Complete 
| 111|0x0000000786f00000, 0x0000000786f40200, 0x0000000787000000| 25%| S|CS|TAMS 0x0000000786f00000, 0x0000000786f00000| Complete 
| 112|0x0000000787000000, 0x0000000787100000, 0x0000000787100000|100%| S|CS|TAMS 0x0000000787000000, 0x0000000787000000| Complete 
| 113|0x0000000787100000, 0x0000000787200000, 0x0000000787200000|100%| S|CS|TAMS 0x0000000787100000, 0x0000000787100000| Complete 
| 114|0x0000000787200000, 0x0000000787300000, 0x0000000787300000|100%| E|CS|TAMS 0x0000000787200000, 0x0000000787200000| Complete 
| 115|0x0000000787300000, 0x0000000787400000, 0x0000000787400000|100%| E|CS|TAMS 0x0000000787300000, 0x0000000787300000| Complete 
| 116|0x0000000787400000, 0x0000000787500000, 0x0000000787500000|100%| S|CS|TAMS 0x0000000787400000, 0x0000000787400000| Complete 
| 117|0x0000000787500000, 0x0000000787600000, 0x0000000787600000|100%| E|CS|TAMS 0x0000000787500000, 0x0000000787500000| Complete 
| 118|0x0000000787600000, 0x0000000787700000, 0x0000000787700000|100%| E|CS|TAMS 0x0000000787600000, 0x0000000787600000| Complete 
| 119|0x0000000787700000, 0x0000000787800000, 0x0000000787800000|100%| E|CS|TAMS 0x0000000787700000, 0x0000000787700000| Complete 
| 120|0x0000000787800000, 0x0000000787900000, 0x0000000787900000|100%| E|CS|TAMS 0x0000000787800000, 0x0000000787800000| Complete 
| 121|0x0000000787900000, 0x0000000787a00000, 0x0000000787a00000|100%| E|CS|TAMS 0x0000000787900000, 0x0000000787900000| Complete 
| 122|0x0000000787a00000, 0x0000000787b00000, 0x0000000787b00000|100%| E|CS|TAMS 0x0000000787a00000, 0x0000000787a00000| Complete 
| 123|0x0000000787b00000, 0x0000000787c00000, 0x0000000787c00000|100%| E|CS|TAMS 0x0000000787b00000, 0x0000000787b00000| Complete 
| 124|0x0000000787c00000, 0x0000000787d00000, 0x0000000787d00000|100%| E|CS|TAMS 0x0000000787c00000, 0x0000000787c00000| Complete 
| 125|0x0000000787d00000, 0x0000000787e00000, 0x0000000787e00000|100%| E|CS|TAMS 0x0000000787d00000, 0x0000000787d00000| Complete 
| 126|0x0000000787e00000, 0x0000000787f00000, 0x0000000787f00000|100%| E|CS|TAMS 0x0000000787e00000, 0x0000000787e00000| Complete 
| 127|0x0000000787f00000, 0x0000000788000000, 0x0000000788000000|100%| E|CS|TAMS 0x0000000787f00000, 0x0000000787f00000| Complete 

Card table byte_map: [0x0000000105e1a000,0x000000010621a000] _byte_map_base: 0x000000010221a000

Marking Bits (Prev, Next): (CMBitMap*) 0x00007fadac025050, (CMBitMap*) 0x00007fadac025018
 Prev Bits: [0x0000000122500000, 0x0000000124500000)
 Next Bits: [0x000000010fe4d000, 0x0000000111e4d000)

Polling page: 0x000000010578b000

Metaspace:

Usage:
  Non-class:     24.43 MB capacity,    23.76 MB ( 97%) used,   554.93 KB (  2%) free+waste,   131.38 KB ( <1%) overhead. 
      Class:      3.92 MB capacity,     3.43 MB ( 88%) used,   431.51 KB ( 11%) free+waste,    67.25 KB (  2%) overhead. 
       Both:     28.35 MB capacity,    27.19 MB ( 96%) used,   986.44 KB (  3%) free+waste,   198.62 KB ( <1%) overhead. 

Virtual space:
  Non-class space:       26.00 MB reserved,      24.67 MB ( 95%) committed 
      Class space:        1.00 GB reserved,       4.00 MB ( <1%) committed 
             Both:        1.03 GB reserved,      28.67 MB (  3%) committed 

Chunk freelists:
   Non-Class:  27.00 KB
       Class:  0 bytes
        Both:  27.00 KB

MaxMetaspaceSize: unlimited
CompressedClassSpaceSize: 1.00 GB
Initial GC threshold: 20.80 MB
Current GC threshold: 35.08 MB
CDS: off

CodeHeap 'non-profiled nmethods': size=120032Kb used=1102Kb max_used=1102Kb free=118929Kb
 bounds [0x000000011afc8000, 0x000000011b238000, 0x0000000122500000]
CodeHeap 'profiled nmethods': size=120032Kb used=4923Kb max_used=4923Kb free=115108Kb
 bounds [0x0000000113a90000, 0x0000000113f60000, 0x000000011afc8000]
CodeHeap 'non-nmethods': size=5696Kb used=1455Kb max_used=1485Kb free=4241Kb
 bounds [0x0000000113500000, 0x0000000113770000, 0x0000000113a90000]
 total_blobs=3374 nmethods=2577 adapters=710
 compilation: enabled
              stopped_count=0, restarted_count=0
 full_count=0

Compilation events (20 events):
Event: 3.631 Thread 0x00007fadae032000 nmethod 2546 0x000000011b0d5010 code [0x000000011b0d51c0, 0x000000011b0d5250]
Event: 3.631 Thread 0x00007fadae032000 2487       1       com.sun.javafx.text.TextLine::getRuns (5 bytes)
Event: 3.631 Thread 0x00007fadae032000 nmethod 2487 0x000000011b0d5310 code [0x000000011b0d54c0, 0x000000011b0d5570]
Event: 3.631 Thread 0x00007fadae032000 2532       1       com.sun.glass.ui.Screen::getPlatformX (5 bytes)
Event: 3.631 Thread 0x00007fadae032000 nmethod 2532 0x000000011b0d5610 code [0x000000011b0d57c0, 0x000000011b0d5870]
Event: 3.631 Thread 0x00007fadae032000 2533       1       com.sun.glass.ui.Screen::getPlatformY (5 bytes)
Event: 3.631 Thread 0x00007fadae032000 nmethod 2533 0x000000011b0d5910 code [0x000000011b0d5ac0, 0x000000011b0d5b70]
Event: 3.631 Thread 0x00007fadae032000 2560       3       com.sun.javafx.geom.RectBounds::getHeight (10 bytes)
Event: 3.631 Thread 0x00007fadae032000 nmethod 2560 0x0000000113f4bd90 code [0x0000000113f4bf40, 0x0000000113f4c050]
Event: 3.631 Thread 0x00007fadae032000 2504       1       java.util.Collections$SingletonList::size (2 bytes)
Event: 3.631 Thread 0x00007fadae032000 nmethod 2504 0x000000011b0d5c10 code [0x000000011b0d5dc0, 0x000000011b0d5e70]
Event: 3.631 Thread 0x00007fadae032000 2507       1       javafx.scene.Node::getClipParent (5 bytes)
Event: 3.631 Thread 0x00007fadae032000 nmethod 2507 0x000000011b0d5f10 code [0x000000011b0d60c0, 0x000000011b0d6170]
Event: 3.631 Thread 0x00007fadae032000 2561       3       com.sun.javafx.geom.transform.Translate2D::isIdentity (24 bytes)
Event: 3.632 Thread 0x00007fadae032000 nmethod 2561 0x0000000113f4c110 code [0x0000000113f4c2c0, 0x0000000113f4c4b0]
Event: 3.632 Thread 0x00007fadae032000 2562       3       javafx.scene.control.skin.LabeledSkinBase::rightLabelPadding (18 bytes)
Event: 3.633 Thread 0x00007fadae032000 nmethod 2562 0x0000000113f4c590 code [0x0000000113f4c820, 0x0000000113f4d3d0]
Event: 3.633 Thread 0x00007fadae032000 2563       3       com.sun.javafx.css.StyleCache$Key::equals (132 bytes)
Event: 3.634 Thread 0x00007fadae032000 nmethod 2563 0x0000000113f4d790 code [0x0000000113f4d980, 0x0000000113f4dff0]
Event: 3.638 Thread 0x00007fadae032000 2565   !   3       com.sun.javafx.text.PrismTextLayout::layout (1635 bytes)

GC Heap History (6 events):
Event: 0.956 GC heap before
{Heap before GC invocations=0 (full 0):
 garbage-first heap   total 131072K, used 14336K [0x0000000780000000, 0x0000000800000000)
  region size 1024K, 14 young (14336K), 0 survivors (0K)
 Metaspace       used 10272K, capacity 10580K, committed 11008K, reserved 1058816K
  class space    used 1034K, capacity 1171K, committed 1280K, reserved 1048576K
}
Event: 0.961 GC heap after
{Heap after GC invocations=1 (full 0):
 garbage-first heap   total 131072K, used 2724K [0x0000000780000000, 0x0000000800000000)
  region size 1024K, 2 young (2048K), 2 survivors (2048K)
 Metaspace       used 10272K, capacity 10580K, committed 11008K, reserved 1058816K
  class space    used 1034K, capacity 1171K, committed 1280K, reserved 1048576K
}
Event: 1.350 GC heap before
{Heap before GC invocations=1 (full 0):
 garbage-first heap   total 131072K, used 15012K [0x0000000780000000, 0x0000000800000000)
  region size 1024K, 14 young (14336K), 2 survivors (2048K)
 Metaspace       used 16036K, capacity 16520K, committed 16768K, reserved 1064960K
  class space    used 1719K, capacity 1898K, committed 1920K, reserved 1048576K
}
Event: 1.361 GC heap after
{Heap after GC invocations=2 (full 0):
 garbage-first heap   total 131072K, used 5453K [0x0000000780000000, 0x0000000800000000)
  region size 1024K, 2 young (2048K), 2 survivors (2048K)
 Metaspace       used 16036K, capacity 16520K, committed 16768K, reserved 1064960K
  class space    used 1719K, capacity 1898K, committed 1920K, reserved 1048576K
}
Event: 1.714 GC heap before
{Heap before GC invocations=2 (full 0):
 garbage-first heap   total 131072K, used 15693K [0x0000000780000000, 0x0000000800000000)
  region size 1024K, 13 young (13312K), 2 survivors (2048K)
 Metaspace       used 20491K, capacity 21021K, committed 21296K, reserved 1069056K
  class space    used 2327K, capacity 2564K, committed 2688K, reserved 1048576K
}
Event: 1.722 GC heap after
{Heap after GC invocations=3 (full 0):
 garbage-first heap   total 131072K, used 6733K [0x0000000780000000, 0x0000000800000000)
  region size 1024K, 4 young (4096K), 4 survivors (4096K)
 Metaspace       used 20491K, capacity 21021K, committed 21296K, reserved 1069056K
  class space    used 2327K, capacity 2564K, committed 2688K, reserved 1048576K
}

Deoptimization events (20 events):
Event: 3.475 Thread 0x00007fadad9f5800 Uncommon trap: trap_request=0xffffff4d fr.pc=0x000000011b04b3c0 relative=0x00000000000004a0
Event: 3.475 Thread 0x00007fadad9f5800 Uncommon trap: reason=unstable_if action=reinterpret pc=0x000000011b04b3c0 method=jdk.internal.org.objectweb.asm.Type.getArgumentsAndReturnSizes(Ljava/lang/String;)I @ 47 c2
Event: 3.475 Thread 0x00007fadad9f5800 DEOPT PACKING pc=0x000000011b04b3c0 sp=0x00007ff7ba8ad520
Event: 3.475 Thread 0x00007fadad9f5800 DEOPT UNPACKING pc=0x0000000113549ea5 sp=0x00007ff7ba8ad4d0 mode 2
Event: 3.524 Thread 0x00007fadad9f5800 Uncommon trap: trap_request=0xffffffd6 fr.pc=0x000000011b0923bc relative=0x0000000000000b5c
Event: 3.524 Thread 0x00007fadad9f5800 Uncommon trap: reason=array_check action=maybe_recompile pc=0x000000011b0923bc method=javafx.css.SimpleSelector.applies(Ljavafx/css/Styleable;[Ljava/util/Set;I)Z @ 37 c2
Event: 3.524 Thread 0x00007fadad9f5800 DEOPT PACKING pc=0x000000011b0923bc sp=0x00007ff7ba8ac9d0
Event: 3.524 Thread 0x00007fadad9f5800 DEOPT UNPACKING pc=0x0000000113549ea5 sp=0x00007ff7ba8ac9a8 mode 2
Event: 3.524 Thread 0x00007fadad9f5800 Uncommon trap: trap_request=0xffffffd6 fr.pc=0x000000011b0923bc relative=0x0000000000000b5c
Event: 3.524 Thread 0x00007fadad9f5800 Uncommon trap: reason=array_check action=maybe_recompile pc=0x000000011b0923bc method=javafx.css.SimpleSelector.applies(Ljavafx/css/Styleable;[Ljava/util/Set;I)Z @ 37 c2
Event: 3.524 Thread 0x00007fadad9f5800 DEOPT PACKING pc=0x000000011b0923bc sp=0x00007ff7ba8ac8d0
Event: 3.524 Thread 0x00007fadad9f5800 DEOPT UNPACKING pc=0x0000000113549ea5 sp=0x00007ff7ba8ac8a8 mode 2
Event: 3.524 Thread 0x00007fadad9f5800 Uncommon trap: trap_request=0xffffffd6 fr.pc=0x000000011b0923bc relative=0x0000000000000b5c
Event: 3.524 Thread 0x00007fadad9f5800 Uncommon trap: reason=array_check action=maybe_recompile pc=0x000000011b0923bc method=javafx.css.SimpleSelector.applies(Ljavafx/css/Styleable;[Ljava/util/Set;I)Z @ 37 c2
Event: 3.524 Thread 0x00007fadad9f5800 DEOPT PACKING pc=0x000000011b0923bc sp=0x00007ff7ba8ac8d0
Event: 3.524 Thread 0x00007fadad9f5800 DEOPT UNPACKING pc=0x0000000113549ea5 sp=0x00007ff7ba8ac8a8 mode 2
Event: 3.524 Thread 0x00007fadad9f5800 Uncommon trap: trap_request=0xffffffd6 fr.pc=0x000000011b0923bc relative=0x0000000000000b5c
Event: 3.524 Thread 0x00007fadad9f5800 Uncommon trap: reason=array_check action=maybe_recompile pc=0x000000011b0923bc method=javafx.css.SimpleSelector.applies(Ljavafx/css/Styleable;[Ljava/util/Set;I)Z @ 37 c2
Event: 3.524 Thread 0x00007fadad9f5800 DEOPT PACKING pc=0x000000011b0923bc sp=0x00007ff7ba8ac820
Event: 3.524 Thread 0x00007fadad9f5800 DEOPT UNPACKING pc=0x0000000113549ea5 sp=0x00007ff7ba8ac7f8 mode 2

Classes redefined (0 events):
No events

Internal exceptions (20 events):
Event: 1.335 Thread 0x00007fadad9f5800 Exception <a 'java/lang/NoSuchMethodError'{0x00000007874bb160}: 'void java.lang.invoke.DirectMethodHandle$Holder.invokeStaticInit(java.lang.Object, java.lang.Object)'> (0x00000007874bb160) thrown at [./src/hotspot/share/interpreter/linkResolver.cpp, line 773]
Event: 1.459 Thread 0x00007fadad9f5800 Exception <a 'java/lang/NoSuchMethodError'{0x0000000787d64c58}: 'void java.lang.invoke.DirectMethodHandle$Holder.invokeSpecial(java.lang.Object, java.lang.Object, java.lang.Object, java.lang.Object)'> (0x0000000787d64c58) thrown at [./src/hotspot/share/interpreter/linkResolver.cpp, line 773]
Event: 1.530 Thread 0x00007fadad9f5800 Implicit null exception at 0x000000011b02e195 to 0x000000011b02e5a4
Event: 1.531 Thread 0x00007fadad9f5800 Implicit null exception at 0x000000011b03637e to 0x000000011b0370c8
Event: 1.602 Thread 0x00007fadad9f5800 Exception <a 'java/lang/NoSuchMethodError'{0x00000007879febd0}: 'int java.lang.invoke.DirectMethodHandle$Holder.invokeSpecialIFC(java.lang.Object, java.lang.Object, int)'> (0x00000007879febd0) thrown at [./src/hotspot/share/interpreter/linkResolver.cpp, line 773]
Event: 1.621 Thread 0x00007fadad9f5800 Exception <a 'java/lang/NoClassDefFoundError'{0x00000007877099a0}: com/sun/jna/Platform> (0x00000007877099a0) thrown at [./src/hotspot/share/classfile/systemDictionary.cpp, line 219]
Event: 1.660 Thread 0x00007fadad9f5800 Exception <a 'java/lang/NoSuchMethodError'{0x000000078761ba80}: 'java.lang.Object java.lang.invoke.DirectMethodHandle$Holder.invokeStaticInit(java.lang.Object, java.lang.Object, long, java.lang.Object)'> (0x000000078761ba80) thrown at [./src/hotspot/share/interpreter/linkResolver.cpp, line 773]
Event: 1.661 Thread 0x00007fadad9f5800 Exception <a 'java/lang/NoSuchMethodError'{0x0000000787627a28}: 'java.lang.Object java.lang.invoke.Invokers$Holder.linkToTargetMethod(java.lang.Object, long, java.lang.Object)'> (0x0000000787627a28) thrown at [./src/hotspot/share/interpreter/linkResolver.cpp, line 773]
Event: 1.666 Thread 0x00007fadad9f5800 Exception <a 'java/lang/NoClassDefFoundError'{0x000000078764c058}: com/sun/jna/Platform> (0x000000078764c058) thrown at [./src/hotspot/share/classfile/systemDictionary.cpp, line 219]
Event: 2.055 Thread 0x00007fadad9f5800 Exception <a 'java/lang/NoSuchMethodError'{0x0000000787c4d9e8}: 'java.lang.Object java.lang.invoke.Invokers$Holder.linkToTargetMethod(java.lang.Object, int, java.lang.Object)'> (0x0000000787c4d9e8) thrown at [./src/hotspot/share/interpreter/linkResolver.cpp, line 773]
Event: 2.084 Thread 0x00007fadad9f5800 Exception <a 'java/lang/NoSuchMethodError'{0x0000000787b5dd98}: 'java.lang.Object java.lang.invoke.DirectMethodHandle$Holder.invokeInterface(java.lang.Object, java.lang.Object, java.lang.Object)'> (0x0000000787b5dd98) thrown at [./src/hotspot/share/interpreter/linkResolver.cpp, line 773]
Event: 2.085 Thread 0x00007fadad9f5800 Exception <a 'java/lang/IncompatibleClassChangeError'{0x0000000787b60f50}: Found class java.lang.Object, but interface was expected> (0x0000000787b60f50) thrown at [./src/hotspot/share/interpreter/linkResolver.cpp, line 839]
Event: 2.149 Thread 0x00007fadad9f5800 Exception <a 'java/lang/NoSuchMethodError'{0x000000078797ba50}: 'void java.lang.invoke.DirectMethodHandle$Holder.invokeSpecialIFC(java.lang.Object, java.lang.Object, java.lang.Object, java.lang.Object)'> (0x000000078797ba50) thrown at [./src/hotspot/share/interpreter/linkResolver.cpp, line 773]
Event: 2.515 Thread 0x00007fadad9f5800 Exception <a 'java/lang/NoSuchMethodError'{0x0000000786ac1ef0}: 'java.lang.Object java.lang.invoke.Invokers$Holder.linkToTargetMethod(java.lang.Object, int, int, java.lang.Object)'> (0x0000000786ac1ef0) thrown at [./src/hotspot/share/interpreter/linkResolver.cpp, line 773]
Event: 2.653 Thread 0x00007fadac894000 Exception <a 'java/lang/NoSuchMethodError'{0x00000007868444b0}: 'int java.lang.invoke.DirectMethodHandle$Holder.invokeStaticInit(java.lang.Object, java.lang.Object)'> (0x00000007868444b0) thrown at [./src/hotspot/share/interpreter/linkResolver.cpp, line 773]
Event: 2.956 Thread 0x00007fadad9f5800 Exception <a 'java/lang/NoSuchMethodError'{0x00000007869de4b0}: 'java.lang.Object java.lang.invoke.DirectMethodHandle$Holder.invokeStatic(java.lang.Object, java.lang.Object, long, int, int, int)'> (0x00000007869de4b0) thrown at [./src/hotspot/share/interpreter/linkResolver.cpp, line 773]
Event: 2.958 Thread 0x00007fadad9f5800 Exception <a 'java/lang/NoSuchMethodError'{0x0000000786470750}: 'java.lang.Object java.lang.invoke.DirectMethodHandle$Holder.invokeStatic(java.lang.Object, java.lang.Object, int, java.lang.Object, long, int, int, int, int)'> (0x0000000786470750) thrown at [./src/hotspot/share/interpreter/linkResolver.cpp, line 773]
Event: 3.475 Thread 0x00007fadad9f5800 Exception <a 'java/lang/NoSuchMethodError'{0x00000007863083c0}: 'long java.lang.invoke.DirectMethodHandle$Holder.invokeStaticInit(java.lang.Object, java.lang.Object, java.lang.Object)'> (0x00000007863083c0) thrown at [./src/hotspot/share/interpreter/linkResolver.cpp, line 773]
Event: 3.477 Thread 0x00007fadad9f5800 Exception <a 'java/lang/NoSuchMethodError'{0x000000078631ae60}: 'java.lang.Object java.lang.invoke.DirectMethodHandle$Holder.invokeSpecial(java.lang.Object, java.lang.Object, long)'> (0x000000078631ae60) thrown at [./src/hotspot/share/interpreter/linkResolver.cpp, line 773]
Event: 3.646 Thread 0x00007fadac894000 Exception <a 'java/lang/NoSuchMethodError'{0x0000000786414810}: 'java.lang.Object java.lang.invoke.DirectMethodHandle$Holder.invokeStaticInit(java.lang.Object, int)'> (0x0000000786414810) thrown at [./src/hotspot/share/interpreter/linkResolver.cpp, line 773]

Events (20 events):
Event: 3.542 loading class javafx/scene/control/skin/VirtualFlow done
Event: 3.561 loading class com/sun/javafx/geometry/BoundsUtils
Event: 3.561 loading class com/sun/javafx/geometry/BoundsUtils done
Event: 3.562 loading class com/sun/javafx/FXPermissions
Event: 3.562 loading class com/sun/javafx/FXPermissions done
Event: 3.568 loading class com/sun/glass/ui/Window$UndecoratedMoveResizeHelper
Event: 3.568 loading class com/sun/glass/ui/Window$UndecoratedMoveResizeHelper done
Event: 3.568 loading class com/sun/glass/ui/Window$TrackingRectangle
Event: 3.568 loading class com/sun/glass/ui/Window$TrackingRectangle done
Event: 3.572 Thread 0x00007fadac329000 Thread added: 0x00007fadac329000
Event: 3.572 Protecting memory [0x0000700002072000,0x0000700002076000] with protection modes 0
Event: 3.614 loading class javafx/beans/value/ObservableValue
Event: 3.614 loading class javafx/beans/value/ObservableValue done
Event: 3.614 loading class javafx/stage/PopupWindow
Event: 3.614 loading class javafx/stage/PopupWindow done
Event: 3.644 loading class com/sun/scenario/effect/impl/prism/PrRenderInfo
Event: 3.644 loading class com/sun/scenario/effect/impl/prism/PrRenderInfo done
Event: 3.645 loading class com/sun/scenario/effect/ImageDataRenderer
Event: 3.645 loading class com/sun/scenario/effect/ImageDataRenderer done
Event: 3.646 Executing VM operation: RevokeBias


Dynamic libraries:
0x000000010576c000 	/Library/Java/JavaVirtualMachines/temurin-11.jdk/Contents/Home/lib/jli/libjli.dylib
0x00007ff83323d000 	/System/Library/Frameworks/Cocoa.framework/Versions/A/Cocoa
0x00007ff81f0ae000 	/System/Library/Frameworks/AppKit.framework/Versions/C/AppKit
0x00007ff8225aa000 	/System/Library/Frameworks/CoreData.framework/Versions/A/CoreData
0x00007ff81d4c5000 	/System/Library/Frameworks/Foundation.framework/Versions/C/Foundation
0x00007ff827372000 	/usr/lib/libSystem.B.dylib
0x00007ff81ff40000 	/System/Library/PrivateFrameworks/UIFoundation.framework/Versions/A/UIFoundation
0x00007ff82d1e9000 	/System/Library/PrivateFrameworks/RemoteViewServices.framework/Versions/A/RemoteViewServices
0x00007ff8255d4000 	/System/Library/PrivateFrameworks/XCTTargetBootstrap.framework/Versions/A/XCTTargetBootstrap
0x00007ff829182000 	/System/Library/PrivateFrameworks/InternationalSupport.framework/Versions/A/InternationalSupport
0x00007ff82920c000 	/System/Library/PrivateFrameworks/UserActivity.framework/Versions/A/UserActivity
0x00007ff828562000 	/usr/lib/libspindump.dylib
0x00007ff8201ce000 	/System/Library/Frameworks/UniformTypeIdentifiers.framework/Versions/A/UniformTypeIdentifiers
0x00007ff823d0d000 	/usr/lib/libapp_launch_measurement.dylib
0x00007ff822f76000 	/System/Library/PrivateFrameworks/CoreAnalytics.framework/Versions/A/CoreAnalytics
0x00007ff823d10000 	/System/Library/PrivateFrameworks/CoreAutoLayout.framework/Versions/A/CoreAutoLayout
0x00007ff824f30000 	/System/Library/Frameworks/Metal.framework/Versions/A/Metal
0x00007ff825c4a000 	/usr/lib/liblangid.dylib
0x00007ff8255d8000 	/System/Library/PrivateFrameworks/CoreSVG.framework/Versions/A/CoreSVG
0x00007ff821595000 	/System/Library/PrivateFrameworks/SkyLight.framework/Versions/A/SkyLight
0x00007ff82192b000 	/System/Library/Frameworks/CoreGraphics.framework/Versions/A/CoreGraphics
0x00007ff82d858000 	/System/Library/Frameworks/Accelerate.framework/Versions/A/Accelerate
0x00007ff827fdd000 	/System/Library/PrivateFrameworks/IconServices.framework/Versions/A/IconServices
0x00007ff824f15000 	/System/Library/Frameworks/IOSurface.framework/Versions/A/IOSurface
0x00007ff822fa4000 	/usr/lib/libDiagnosticMessagesClient.dylib
0x00007ff827292000 	/usr/lib/libz.1.dylib
0x00007ff830ec9000 	/System/Library/Frameworks/ApplicationServices.framework/Versions/A/ApplicationServices
0x00007ff8255c0000 	/System/Library/PrivateFrameworks/DFRFoundation.framework/Versions/A/DFRFoundation
0x00007ff81e99f000 	/usr/lib/libicucore.A.dylib
0x00007ff829ea7000 	/System/Library/Frameworks/AudioToolbox.framework/Versions/A/AudioToolbox
0x00007ff82918e000 	/System/Library/PrivateFrameworks/DataDetectorsCore.framework/Versions/A/DataDetectorsCore
0x00007ff924ae6000 	/System/Library/PrivateFrameworks/TextInput.framework/Versions/A/TextInput
0x00007ff821519000 	/usr/lib/libMobileGestalt.dylib
0x00007ff8252c8000 	/System/Library/Frameworks/Carbon.framework/Versions/A/Frameworks/HIToolbox.framework/Versions/A/HIToolbox
0x00007ff82373a000 	/System/Library/Frameworks/QuartzCore.framework/Versions/A/QuartzCore
0x00007ff81e63f000 	/System/Library/Frameworks/Security.framework/Versions/A/Security
0x00007ff82d221000 	/System/Library/Frameworks/Carbon.framework/Versions/A/Frameworks/SpeechRecognition.framework/Versions/A/SpeechRecognition
0x00007ff823a6d000 	/System/Library/PrivateFrameworks/CoreUI.framework/Versions/A/CoreUI
0x00007ff81df17000 	/System/Library/Frameworks/CoreAudio.framework/Versions/A/CoreAudio
0x00007ff823092000 	/System/Library/Frameworks/DiskArbitration.framework/Versions/A/DiskArbitration
0x00007ff828949000 	/System/Library/PrivateFrameworks/MultitouchSupport.framework/Versions/A/MultitouchSupport
0x00007ff821518000 	/usr/lib/libenergytrace.dylib
0x00007ff81ef9a000 	/System/Library/Frameworks/IOKit.framework/Versions/A/IOKit
0x00007ff82d60d000 	/System/Library/Frameworks/CoreServices.framework/Versions/A/CoreServices
0x00007ff823ca7000 	/System/Library/PrivateFrameworks/PerformanceAnalysis.framework/Versions/A/PerformanceAnalysis
0x00007ffa342b6000 	/System/Library/Frameworks/OpenGL.framework/Versions/A/OpenGL
0x00007ff8268bf000 	/System/Library/PrivateFrameworks/MobileKeyBag.framework/Versions/A/MobileKeyBag
0x00007ff81c486000 	/usr/lib/libobjc.A.dylib
0x00007ff821ff7000 	/System/Library/Frameworks/ColorSync.framework/Versions/A/ColorSync
0x00007ff81c63f000 	/System/Library/Frameworks/CoreFoundation.framework/Versions/A/CoreFoundation
0x00007ff825851000 	/System/Library/Frameworks/CoreImage.framework/Versions/A/CoreImage
0x00007ff81dd2d000 	/System/Library/Frameworks/CoreText.framework/Versions/A/CoreText
0x00007ff825607000 	/System/Library/Frameworks/ImageIO.framework/Versions/A/ImageIO
0x00007ff827378000 	/System/Library/PrivateFrameworks/SoftLinking.framework/Versions/A/SoftLinking
0x00007ff823d58000 	/usr/lib/libxml2.2.dylib
0x00007ff81c54c000 	/usr/lib/libc++.1.dylib
0x00007ff8275fc000 	/usr/lib/libcompression.dylib
0x00007ff8290b8000 	/System/Library/PrivateFrameworks/TextureIO.framework/Versions/A/TextureIO
0x00007ff827cef000 	/usr/lib/libate.dylib
0x00007ff82736d000 	/usr/lib/system/libcache.dylib
0x00007ff827329000 	/usr/lib/system/libcommonCrypto.dylib
0x00007ff827352000 	/usr/lib/system/libcompiler_rt.dylib
0x00007ff827348000 	/usr/lib/system/libcopyfile.dylib
0x00007ff81c380000 	/usr/lib/system/libcorecrypto.dylib
0x00007ff81c43f000 	/usr/lib/system/libdispatch.dylib
0x00007ff81c5fe000 	/usr/lib/system/libdyld.dylib
0x00007ff827364000 	/usr/lib/system/libkeymgr.dylib
0x00007ff827307000 	/usr/lib/system/libmacho.dylib
0x00007ff826993000 	/usr/lib/system/libquarantine.dylib
0x00007ff827362000 	/usr/lib/system/libremovefile.dylib
0x00007ff821565000 	/usr/lib/system/libsystem_asl.dylib
0x00007ff81c32e000 	/usr/lib/system/libsystem_blocks.dylib
0x00007ff81c4c3000 	/usr/lib/system/libsystem_c.dylib
0x00007ff82735a000 	/usr/lib/system/libsystem_collections.dylib
0x00007ff825c3b000 	/usr/lib/system/libsystem_configuration.dylib
0x00007ff824ef8000 	/usr/lib/system/libsystem_containermanager.dylib
0x00007ff827044000 	/usr/lib/system/libsystem_coreservices.dylib
0x00007ff81ec28000 	/usr/lib/system/libsystem_darwin.dylib
0x00007ff827365000 	/usr/lib/system/libsystem_dnssd.dylib
0x00007ff81c4c0000 	/usr/lib/system/libsystem_featureflags.dylib
0x00007ff81c614000 	/usr/lib/system/libsystem_info.dylib
0x00007ff8272a5000 	/usr/lib/system/libsystem_m.dylib
0x00007ff81c413000 	/usr/lib/system/libsystem_malloc.dylib
0x00007ff821502000 	/usr/lib/system/libsystem_networkextension.dylib
0x00007ff81f050000 	/usr/lib/system/libsystem_notify.dylib
0x00007ff82d4e2000 	/usr/lib/system/libsystem_product_info_filter.dylib
0x00007ff825c3f000 	/usr/lib/system/libsystem_sandbox.dylib
0x00007ff82735f000 	/usr/lib/system/libsystem_secinit.dylib
0x00007ff81c5bb000 	/usr/lib/system/libsystem_kernel.dylib
0x00007ff81c60a000 	/usr/lib/system/libsystem_platform.dylib
0x00007ff81c5f2000 	/usr/lib/system/libsystem_pthread.dylib
0x00007ff822dbd000 	/usr/lib/system/libsystem_symptoms.dylib
0x00007ff81c367000 	/usr/lib/system/libsystem_trace.dylib
0x00007ff827335000 	/usr/lib/system/libunwind.dylib
0x00007ff81c330000 	/usr/lib/system/libxpc.dylib
0x00007ff81c5a5000 	/usr/lib/libc++abi.dylib
0x00007ff827340000 	/usr/lib/liboah.dylib
0x00007ff827acd000 	/usr/lib/liblzma.5.dylib
0x00007ff81d1d6000 	/System/Library/Frameworks/SystemConfiguration.framework/Versions/A/SystemConfiguration
0x00007ff827374000 	/usr/lib/libfakelink.dylib
0x00007ff82106b000 	/System/Library/Frameworks/CFNetwork.framework/Versions/A/CFNetwork
0x00007ff8274b3000 	/usr/lib/libarchive.2.dylib
0x00007ff825c46000 	/System/Library/PrivateFrameworks/AppleSystemInfo.framework/Versions/A/AppleSystemInfo
0x00007ff8269ba000 	/usr/lib/libbsm.0.dylib
0x00007ff8206a1000 	/usr/lib/libnetwork.dylib
0x00007ff82730d000 	/usr/lib/system/libkxld.dylib
0x00007ff8265e8000 	/System/Library/PrivateFrameworks/IOMobileFramebuffer.framework/Versions/A/IOMobileFramebuffer
0x00007ffb320db000 	/usr/lib/libCoreEntitlements.dylib
0x00007ff827026000 	/System/Library/PrivateFrameworks/AppleFSCompression.framework/Versions/A/AppleFSCompression
0x00007ff8269a2000 	/usr/lib/libcoretls.dylib
0x00007ff827ae7000 	/usr/lib/libcoretls_cfhelpers.dylib
0x00007ff8275f7000 	/usr/lib/libpam.2.dylib
0x00007ff8229df000 	/usr/lib/libsqlite3.dylib
0x00007ff827b56000 	/usr/lib/libxar.1.dylib
0x00007ff827036000 	/usr/lib/libbz2.1.0.dylib
0x00007ff827379000 	/usr/lib/libpcap.A.dylib
0x00007ff822db4000 	/usr/lib/libdns_services.dylib
0x00007ff8275c6000 	/usr/lib/libapple_nghttp2.dylib
0x00007ff8273b0000 	/usr/lib/libiconv.2.dylib
0x00007ff827306000 	/usr/lib/libcharset.1.dylib
0x00007ff823cdb000 	/System/Library/Frameworks/CoreServices.framework/Versions/A/Frameworks/FSEvents.framework/Versions/A/FSEvents
0x00007ff81ec32000 	/System/Library/Frameworks/CoreServices.framework/Versions/A/Frameworks/CarbonCore.framework/Versions/A/CarbonCore
0x00007ff822ff7000 	/System/Library/Frameworks/CoreServices.framework/Versions/A/Frameworks/Metadata.framework/Versions/A/Metadata
0x00007ff827049000 	/System/Library/Frameworks/CoreServices.framework/Versions/A/Frameworks/OSServices.framework/Versions/A/OSServices
0x00007ff82753a000 	/System/Library/Frameworks/CoreServices.framework/Versions/A/Frameworks/SearchKit.framework/Versions/A/SearchKit
0x00007ff822d46000 	/System/Library/Frameworks/CoreServices.framework/Versions/A/Frameworks/AE.framework/Versions/A/AE
0x00007ff81cb42000 	/System/Library/Frameworks/CoreServices.framework/Versions/A/Frameworks/LaunchServices.framework/Versions/A/LaunchServices
0x00007ff827a7e000 	/System/Library/Frameworks/CoreServices.framework/Versions/A/Frameworks/DictionaryServices.framework/Versions/A/DictionaryServices
0x00007ff823ce8000 	/System/Library/Frameworks/CoreServices.framework/Versions/A/Frameworks/SharedFileList.framework/Versions/A/SharedFileList
0x00007ff826996000 	/usr/lib/libCheckFix.dylib
0x00007ff82157c000 	/System/Library/PrivateFrameworks/TCC.framework/Versions/A/TCC
0x00007ff825c4c000 	/System/Library/PrivateFrameworks/CoreNLP.framework/Versions/A/CoreNLP
0x00007ff822fa7000 	/System/Library/PrivateFrameworks/MetadataUtilities.framework/Versions/A/MetadataUtilities
0x00007ff81d286000 	/usr/lib/libmecabra.dylib
0x00007ff8269ca000 	/usr/lib/libmecab.dylib
0x00007ff81d251000 	/usr/lib/libCRFSuite.dylib
0x00007ff826a27000 	/usr/lib/libgermantok.dylib
0x00007ff8275a1000 	/usr/lib/libThaiTokenizer.dylib
0x00007ff823099000 	/System/Library/Frameworks/Accelerate.framework/Versions/A/Frameworks/vImage.framework/Versions/A/vImage
0x00007ff82d5e4000 	/System/Library/Frameworks/Accelerate.framework/Versions/A/Frameworks/vecLib.framework/Versions/A/vecLib
0x00007ff827b97000 	/System/Library/Frameworks/Accelerate.framework/Versions/A/Frameworks/vecLib.framework/Versions/A/libvMisc.dylib
0x00007ff826406000 	/System/Library/Frameworks/Accelerate.framework/Versions/A/Frameworks/vecLib.framework/Versions/A/libvDSP.dylib
0x00007ff81ceba000 	/System/Library/Frameworks/Accelerate.framework/Versions/A/Frameworks/vecLib.framework/Versions/A/libBLAS.dylib
0x00007ff8276d8000 	/System/Library/Frameworks/Accelerate.framework/Versions/A/Frameworks/vecLib.framework/Versions/A/libLAPACK.dylib
0x00007ff826a2a000 	/System/Library/Frameworks/Accelerate.framework/Versions/A/Frameworks/vecLib.framework/Versions/A/libLinearAlgebra.dylib
0x00007ff8275df000 	/System/Library/Frameworks/Accelerate.framework/Versions/A/Frameworks/vecLib.framework/Versions/A/libSparseBLAS.dylib
0x00007ff8276d2000 	/System/Library/Frameworks/Accelerate.framework/Versions/A/Frameworks/vecLib.framework/Versions/A/libQuadrature.dylib
0x00007ff825d36000 	/System/Library/Frameworks/Accelerate.framework/Versions/A/Frameworks/vecLib.framework/Versions/A/libBNNS.dylib
0x00007ff81d167000 	/System/Library/Frameworks/Accelerate.framework/Versions/A/Frameworks/vecLib.framework/Versions/A/libSparse.dylib
0x00007ff825d2f000 	/System/Library/PrivateFrameworks/LinguisticData.framework/Versions/A/LinguisticData
0x00007ff81d11c000 	/System/Library/PrivateFrameworks/Lexicon.framework/Versions/A/Lexicon
0x00007ff827b90000 	/usr/lib/libChineseTokenizer.dylib
0x00007ff81d880000 	/System/Library/PrivateFrameworks/LanguageModeling.framework/Versions/A/LanguageModeling
0x00007ff8275a3000 	/System/Library/PrivateFrameworks/AppleSauce.framework/Versions/A/AppleSauce
0x00007ff8265d6000 	/System/Library/PrivateFrameworks/CoreEmoji.framework/Versions/A/CoreEmoji
0x00007ff8274a2000 	/usr/lib/libcmph.dylib
0x00007ff823cbf000 	/System/Library/Frameworks/OpenDirectory.framework/Versions/A/Frameworks/CFOpenDirectory.framework/Versions/A/CFOpenDirectory
0x00007ff823cb3000 	/System/Library/Frameworks/OpenDirectory.framework/Versions/A/OpenDirectory
0x00007ff827ae9000 	/System/Library/PrivateFrameworks/APFS.framework/Versions/A/APFS
0x00007ff8268f7000 	/System/Library/Frameworks/SecurityFoundation.framework/Versions/A/SecurityFoundation
0x00007ff827b64000 	/usr/lib/libutil.dylib
0x00007ff81ef5d000 	/System/Library/PrivateFrameworks/CoreServicesStore.framework/Versions/A/CoreServicesStore
0x00007ff827b68000 	/usr/lib/libxslt.1.dylib
0x00007ff826984000 	/System/Library/PrivateFrameworks/BackgroundTaskManagement.framework/Versions/A/BackgroundTaskManagement
0x00007ff828fd8000 	/System/Library/Frameworks/ImageIO.framework/Versions/A/Resources/libRadiance.dylib
0x00007ff828fe1000 	/System/Library/Frameworks/ImageIO.framework/Versions/A/Resources/libJPEG.dylib
0x00007ff828f31000 	/System/Library/Frameworks/ImageIO.framework/Versions/A/Resources/libPng.dylib
0x00007ff828f52000 	/System/Library/Frameworks/ImageIO.framework/Versions/A/Resources/libTIFF.dylib
0x00007ff829041000 	/System/Library/Frameworks/ImageIO.framework/Versions/A/Resources/libGIF.dylib
0x00007ff828862000 	/System/Library/Frameworks/ImageIO.framework/Versions/A/Resources/libJP2.dylib
0x00007ff827fa4000 	/usr/lib/libexpat.1.dylib
0x00007ff828817000 	/System/Library/PrivateFrameworks/AppleJPEG.framework/Versions/A/AppleJPEG
0x00007ff82518b000 	/System/Library/PrivateFrameworks/FontServices.framework/libFontParser.dylib
0x00007ff822cf0000 	/System/Library/PrivateFrameworks/RunningBoardServices.framework/Versions/A/RunningBoardServices
0x00007ff8337b9000 	/System/Library/PrivateFrameworks/IOSurfaceAccelerator.framework/Versions/A/IOSurfaceAccelerator
0x00007ff828945000 	/System/Library/PrivateFrameworks/WatchdogClient.framework/Versions/A/WatchdogClient
0x00007ff81d96f000 	/System/Library/Frameworks/CoreDisplay.framework/Versions/A/CoreDisplay
0x00007ff82508a000 	/System/Library/Frameworks/CoreMedia.framework/Versions/A/CoreMedia
0x00007ff824f27000 	/System/Library/PrivateFrameworks/IOAccelerator.framework/Versions/A/IOAccelerator
0x00007ff823e3b000 	/System/Library/Frameworks/CoreVideo.framework/Versions/A/CoreVideo
0x00007ff8275f5000 	/System/Library/Frameworks/MetalPerformanceShaders.framework/Versions/A/MetalPerformanceShaders
0x00007ff828980000 	/System/Library/Frameworks/VideoToolbox.framework/Versions/A/VideoToolbox
0x00007ff822c38000 	/System/Library/PrivateFrameworks/BaseBoard.framework/Versions/A/BaseBoard
0x00007ff8229c5000 	/System/Library/PrivateFrameworks/ProtocolBuffer.framework/Versions/A/ProtocolBuffer
0x00007ff828fd1000 	/System/Library/PrivateFrameworks/GPUWrangler.framework/Versions/A/GPUWrangler
0x00007ff828fb4000 	/System/Library/PrivateFrameworks/IOPresentment.framework/Versions/A/IOPresentment
0x00007ff828fdb000 	/System/Library/PrivateFrameworks/DSExternalDisplay.framework/Versions/A/DSExternalDisplay
0x00007ffa342aa000 	/System/Library/Frameworks/OpenGL.framework/Versions/A/Libraries/libCoreFSCache.dylib
0x00007ffb2034b000 	/System/Library/PrivateFrameworks/GPUCompiler.framework/Versions/31001/Libraries/libGPUCompilerUtils.dylib
0x00007ff829046000 	/System/Library/PrivateFrameworks/CMCaptureCore.framework/Versions/A/CMCaptureCore
0x00007ff828550000 	/System/Library/PrivateFrameworks/AppServerSupport.framework/Versions/A/AppServerSupport
0x00007ff82a72d000 	/System/Library/PrivateFrameworks/perfdata.framework/Versions/A/perfdata
0x00007ff81da9b000 	/System/Library/PrivateFrameworks/AudioToolboxCore.framework/Versions/A/AudioToolboxCore
0x00007ff825067000 	/System/Library/PrivateFrameworks/caulk.framework/Versions/A/caulk
0x00007ff82a051000 	/usr/lib/libAudioStatistics.dylib
0x00007ff921374000 	/System/Library/PrivateFrameworks/SystemPolicy.framework/Versions/A/SystemPolicy
0x00007ff82a2a6000 	/usr/lib/libSMC.dylib
0x00007ff8330f0000 	/System/Library/Frameworks/CoreMIDI.framework/Versions/A/CoreMIDI
0x00007ff828f01000 	/usr/lib/libAudioToolboxUtility.dylib
0x00007ff91d786000 	/System/Library/PrivateFrameworks/OSAServicesClient.framework/Versions/A/OSAServicesClient
0x00007ff82a73a000 	/usr/lib/libperfcheck.dylib
0x00007ff921e06000 	/usr/lib/libmis.dylib
0x00007ffa34306000 	/System/Library/Frameworks/OpenGL.framework/Versions/A/Libraries/libGLU.dylib
0x00007ffa342c9000 	/System/Library/Frameworks/OpenGL.framework/Versions/A/Libraries/libGFXShared.dylib
0x00007ffa344d7000 	/System/Library/Frameworks/OpenGL.framework/Versions/A/Libraries/libGL.dylib
0x00007ffa342d2000 	/System/Library/Frameworks/OpenGL.framework/Versions/A/Libraries/libGLImage.dylib
0x00007ffa342c6000 	/System/Library/Frameworks/OpenGL.framework/Versions/A/Libraries/libCVMSPluginSupport.dylib
0x00007ffa342b1000 	/System/Library/Frameworks/OpenGL.framework/Versions/A/Libraries/libCoreVMClient.dylib
0x00007ff825bca000 	/System/Library/Frameworks/MetalPerformanceShaders.framework/Versions/A/Frameworks/MPSCore.framework/Versions/A/MPSCore
0x00007ff826f91000 	/System/Library/Frameworks/MetalPerformanceShaders.framework/Versions/A/Frameworks/MPSImage.framework/Versions/A/MPSImage
0x00007ff826a40000 	/System/Library/Frameworks/MetalPerformanceShaders.framework/Versions/A/Frameworks/MPSNeuralNetwork.framework/Versions/A/MPSNeuralNetwork
0x00007ff826eb5000 	/System/Library/Frameworks/MetalPerformanceShaders.framework/Versions/A/Frameworks/MPSMatrix.framework/Versions/A/MPSMatrix
0x00007ff826c71000 	/System/Library/Frameworks/MetalPerformanceShaders.framework/Versions/A/Frameworks/MPSRayIntersector.framework/Versions/A/MPSRayIntersector
0x00007ff826eee000 	/System/Library/Frameworks/MetalPerformanceShaders.framework/Versions/A/Frameworks/MPSNDArray.framework/Versions/A/MPSNDArray
0x00007ffa38ecb000 	/System/Library/Frameworks/MetalPerformanceShaders.framework/Versions/A/Frameworks/MPSFunctions.framework/Versions/A/MPSFunctions
0x00007ff81cd9d000 	/System/Library/PrivateFrameworks/MetalTools.framework/Versions/A/MetalTools
0x00007ff825c44000 	/System/Library/PrivateFrameworks/AggregateDictionary.framework/Versions/A/AggregateDictionary
0x00007ff827d86000 	/usr/lib/libIOReport.dylib
0x00007ffa358e6000 	/System/Library/Frameworks/OpenCL.framework/Versions/A/OpenCL
0x00007ff8280ea000 	/System/Library/PrivateFrameworks/FaceCore.framework/Versions/A/FaceCore
0x00007ff8280db000 	/System/Library/PrivateFrameworks/GraphVisualizer.framework/Versions/A/GraphVisualizer
0x00007ffb20256000 	/System/Library/PrivateFrameworks/FontServices.framework/Versions/A/FontServices
0x00007ff828507000 	/System/Library/PrivateFrameworks/OTSVG.framework/Versions/A/OTSVG
0x00007ff823a23000 	/System/Library/Frameworks/ApplicationServices.framework/Versions/A/Frameworks/ATS.framework/Versions/A/Resources/libFontRegistry.dylib
0x00007ff828558000 	/System/Library/PrivateFrameworks/FontServices.framework/libhvf.dylib
0x00007ffb20257000 	/System/Library/PrivateFrameworks/FontServices.framework/libXTFontStaticRegistryData.dylib
0x00007ff827f54000 	/System/Library/PrivateFrameworks/AppleVA.framework/Versions/A/AppleVA
0x00007ff82a075000 	/System/Library/Frameworks/ApplicationServices.framework/Versions/A/Frameworks/ATS.framework/Versions/A/ATS
0x00007ff8220f3000 	/System/Library/Frameworks/ApplicationServices.framework/Versions/A/Frameworks/HIServices.framework/Versions/A/HIServices
0x00007ff829050000 	/System/Library/Frameworks/ApplicationServices.framework/Versions/A/Frameworks/PrintCore.framework/Versions/A/PrintCore
0x00007ff82a3f9000 	/System/Library/Frameworks/ApplicationServices.framework/Versions/A/Frameworks/QD.framework/Versions/A/QD
0x00007ff82a3f1000 	/System/Library/Frameworks/ApplicationServices.framework/Versions/A/Frameworks/ColorSyncLegacy.framework/Versions/A/ColorSyncLegacy
0x00007ff82a065000 	/System/Library/Frameworks/ApplicationServices.framework/Versions/A/Frameworks/SpeechSynthesis.framework/Versions/A/SpeechSynthesis
0x00007ff829011000 	/System/Library/Frameworks/ApplicationServices.framework/Versions/A/Frameworks/ATSUI.framework/Versions/A/ATSUI
0x00007ff82a386000 	/usr/lib/libcups.2.dylib
0x00007ff82a749000 	/System/Library/Frameworks/Kerberos.framework/Versions/A/Kerberos
0x00007ff82a758000 	/System/Library/Frameworks/GSS.framework/Versions/A/GSS
0x00007ff82a0e1000 	/usr/lib/libresolv.9.dylib
0x00007ff828567000 	/System/Library/PrivateFrameworks/Heimdal.framework/Versions/A/Heimdal
0x00007ff831246000 	/System/Library/Frameworks/Kerberos.framework/Versions/A/Libraries/libHeimdalProxy.dylib
0x00007ff822dc5000 	/System/Library/Frameworks/Network.framework/Versions/A/Network
0x00007ff827fbe000 	/usr/lib/libheimdal-asn1.dylib
0x00007ff82a7a4000 	/System/Library/PrivateFrameworks/CommonAuth.framework/Versions/A/CommonAuth
0x00007ff829fe2000 	/System/Library/PrivateFrameworks/AudioSession.framework/Versions/A/AudioSession
0x00007ff82804e000 	/System/Library/PrivateFrameworks/MediaExperience.framework/Versions/A/MediaExperience
0x00007ff829e76000 	/System/Library/PrivateFrameworks/AudioSession.framework/libSessionUtility.dylib
0x00007ff82a405000 	/System/Library/PrivateFrameworks/AudioResourceArbitration.framework/Versions/A/AudioResourceArbitration
0x00007ff82e3f7000 	/System/Library/PrivateFrameworks/PowerLog.framework/Versions/A/PowerLog
0x00007ff827fc7000 	/System/Library/PrivateFrameworks/IconFoundation.framework/Versions/A/IconFoundation
0x00007ff82d211000 	/System/Library/PrivateFrameworks/SpeechRecognitionCore.framework/Versions/A/SpeechRecognitionCore
0x0000000106533000 	/Library/Java/JavaVirtualMachines/temurin-11.jdk/Contents/Home/lib/server/libjvm.dylib
0x000000010579b000 	/Library/Java/JavaVirtualMachines/temurin-11.jdk/Contents/Home/lib/libverify.dylib
0x00000001057d8000 	/Library/Java/JavaVirtualMachines/temurin-11.jdk/Contents/Home/lib/libjava.dylib
0x00000001057ac000 	/Library/Java/JavaVirtualMachines/temurin-11.jdk/Contents/Home/lib/libjimage.dylib
0x00000001057c5000 	/Library/Java/JavaVirtualMachines/temurin-11.jdk/Contents/Home/lib/libzip.dylib
0x000000010627e000 	/Library/Java/JavaVirtualMachines/temurin-11.jdk/Contents/Home/lib/libnio.dylib
0x00000001062aa000 	/Library/Java/JavaVirtualMachines/temurin-11.jdk/Contents/Home/lib/libnet.dylib
0x0000000106291000 	/Users/francescopriola/.openjfx/cache/11/libprism_es2.dylib
0x00007ff81ef1e000 	/System/Library/PrivateFrameworks/CoreServicesInternal.framework/Versions/A/CoreServicesInternal
0x00007ffa344e2000 	/System/Library/Frameworks/OpenGL.framework/Versions/A/Resources/GLEngine.bundle/GLEngine
0x00007ffa34344000 	/System/Library/Frameworks/OpenGL.framework/Versions/A/Libraries/libGLProgrammability.dylib
0x00007ffa2870a000 	/System/Library/Extensions/AppleIntelKBLGraphicsGLDriver.bundle/Contents/MacOS/AppleIntelKBLGraphicsGLDriver
0x00007ff92bcea000 	/System/Library/PrivateFrameworks/GPUSupport.framework/Versions/A/Libraries/libGPUSupportMercury.dylib
0x00007ffa34671000 	/System/Library/Frameworks/OpenGL.framework/Versions/A/Resources/GLRendererFloat.bundle/GLRendererFloat
0x0000000112ea4000 	/Users/francescopriola/.openjfx/cache/11/libglass.dylib
0x00007ff82e9e8000 	/System/Library/Frameworks/FileProvider.framework/Versions/A/FileProvider
0x00007ff822ba4000 	/System/Library/Frameworks/Accounts.framework/Versions/A/Accounts
0x00007ff82eb60000 	/System/Library/PrivateFrameworks/GenerationalStorage.framework/Versions/A/GenerationalStorage
0x00007ff82f672000 	/System/Library/PrivateFrameworks/CoreSymbolication.framework/Versions/A/CoreSymbolication
0x00007ff82e3ec000 	/System/Library/PrivateFrameworks/SymptomDiagnosticReporter.framework/Versions/A/SymptomDiagnosticReporter
0x00007ff8201e2000 	/System/Library/PrivateFrameworks/DesktopServicesPriv.framework/Versions/A/DesktopServicesPriv
0x00007ff81f05f000 	/usr/lib/libsandbox.1.dylib
0x00007ff823eba000 	/System/Library/PrivateFrameworks/UserManagement.framework/Versions/A/UserManagement
0x00007ff82f637000 	/System/Library/PrivateFrameworks/DebugSymbols.framework/Versions/A/DebugSymbols
0x00007ff82a3e6000 	/System/Library/PrivateFrameworks/NetAuth.framework/Versions/A/NetAuth
0x00007ff82b2d5000 	/System/Library/PrivateFrameworks/Sharing.framework/Versions/A/Sharing
0x00007ff823e8d000 	/System/Library/PrivateFrameworks/login.framework/Versions/A/Frameworks/loginsupport.framework/Versions/A/loginsupport
0x00007ff830778000 	/System/Library/PrivateFrameworks/Apple80211.framework/Versions/A/Apple80211
0x00007ff827076000 	/System/Library/PrivateFrameworks/AuthKit.framework/Versions/A/AuthKit
0x00007ff8266cc000 	/System/Library/PrivateFrameworks/CoreUtils.framework/Versions/A/CoreUtils
0x00007ff8265f3000 	/System/Library/Frameworks/CoreWLAN.framework/Versions/A/CoreWLAN
0x00007ff82b430000 	/System/Library/Frameworks/IOBluetooth.framework/Versions/A/IOBluetooth
0x00007ff8307e0000 	/System/Library/PrivateFrameworks/CoreWiFi.framework/Versions/A/CoreWiFi
0x00007ff82f20c000 	/System/Library/PrivateFrameworks/FrontBoardServices.framework/Versions/A/FrontBoardServices
0x00007ff82f29e000 	/System/Library/PrivateFrameworks/BoardServices.framework/Versions/A/BoardServices
0x00007ff8268e6000 	/System/Library/PrivateFrameworks/AssertionServices.framework/Versions/A/AssertionServices
0x00007ff830964000 	/System/Library/PrivateFrameworks/BackBoardServices.framework/Versions/A/BackBoardServices
0x00007ff82a833000 	/System/Library/PrivateFrameworks/CorePhoneNumbers.framework/Versions/A/CorePhoneNumbers
0x00007ff82e509000 	/System/Library/PrivateFrameworks/DiskManagement.framework/Versions/A/DiskManagement
0x00007ff82e41d000 	/System/Library/PrivateFrameworks/AppleIDAuthSupport.framework/Versions/A/AppleIDAuthSupport
0x00007ffa3ae84000 	/System/Library/PrivateFrameworks/AAAFoundation.framework/Versions/A/AAAFoundation
0x00007ff82a814000 	/System/Library/PrivateFrameworks/KeychainCircle.framework/Versions/A/KeychainCircle
0x00007ff82e4d5000 	/System/Library/PrivateFrameworks/MediaKit.framework/Versions/A/MediaKit
0x00007ff82e429000 	/System/Library/Frameworks/DiscRecording.framework/Versions/A/DiscRecording
0x00007ff827ecc000 	/usr/lib/libCoreStorage.dylib
0x00007ff830c53000 	/usr/lib/libcsfde.dylib
0x00007ff82b4fd000 	/System/Library/PrivateFrameworks/ProtectedCloudStorage.framework/Versions/A/ProtectedCloudStorage
0x00007ff830c4f000 	/System/Library/PrivateFrameworks/EFILogin.framework/Versions/A/EFILogin
0x00007ff82eb86000 	/System/Library/PrivateFrameworks/OctagonTrust.framework/Versions/A/OctagonTrust
0x00007ffb1f578000 	/System/Library/PrivateFrameworks/CoreUtilsExtras.framework/Versions/A/CoreUtilsExtras
0x00007ff82e35f000 	/System/Library/Frameworks/CoreBluetooth.framework/Versions/A/CoreBluetooth
0x00007ff8312cb000 	/System/Library/Frameworks/AudioUnit.framework/Versions/A/AudioUnit
0x00007ff827ec4000 	/usr/lib/libMatch.1.dylib
0x00007ff92626a000 	/System/Library/Frameworks/Accelerate.framework/Versions/A/Frameworks/vImage.framework/Versions/A/Libraries/libCGInterfaces.dylib
0x0000000128e59000 	/usr/lib/libobjc-trampolines.dylib
0x00007ff823bb3000 	/System/Library/PrivateFrameworks/ViewBridge.framework/Versions/A/ViewBridge
0x00007ffb321ed000 	/usr/lib/libRosetta.dylib
0x000000012b2d2000 	/Users/francescopriola/.openjfx/cache/11/libjavafx_font.dylib
0x000000012b6dc000 	/Library/Java/JavaVirtualMachines/temurin-11.jdk/Contents/Home/lib/libextnet.dylib
0x00007ff828621000 	/System/Library/PrivateFrameworks/login.framework/Versions/A/login


VM Arguments:
jvm_args: -Dfile.encoding=UTF-8 
java_command: it.polito.tdp.lab04.Main
java_class_path (initial): /Users/francescopriola/git/Lab04/target/classes:/Users/francescopriola/.m2/repository/org/openjfx/javafx-controls/11/javafx-controls-11.jar:/Users/francescopriola/.m2/repository/org/openjfx/javafx-controls/11/javafx-controls-11-mac.jar:/Users/francescopriola/.m2/repository/org/openjfx/javafx-graphics/11/javafx-graphics-11.jar:/Users/francescopriola/.m2/repository/org/openjfx/javafx-graphics/11/javafx-graphics-11-mac.jar:/Users/francescopriola/.m2/repository/org/openjfx/javafx-base/11/javafx-base-11.jar:/Users/francescopriola/.m2/repository/org/openjfx/javafx-base/11/javafx-base-11-mac.jar:/Users/francescopriola/.m2/repository/org/openjfx/javafx-fxml/11/javafx-fxml-11.jar:/Users/francescopriola/.m2/repository/org/openjfx/javafx-fxml/11/javafx-fxml-11-mac.jar:/Users/francescopriola/.m2/repository/com/zaxxer/HikariCP/3.4.2/HikariCP-3.4.2.jar:/Users/francescopriola/.m2/repository/org/jgrapht/jgrapht-core/1.4.0/jgrapht-core-1.4.0.jar:/Users/francescopriola/.m2/repository/org/jheaps/jheaps/0.11/jheaps-0.11.jar:/Users/francescopriola/.m2/repository/org/mariadb/jdbc/mariadb-java-client/2.5.4/mariadb-java-client-2.5.4.jar:/Users/francescopriola/.m2/repository/org/slf4j/slf4j-api/1.7.30/slf4j-api-1.7.30.jar
Launcher Type: SUN_STANDARD

[Global flags]
     intx CICompilerCount                          = 3                                         {product} {ergonomic}
     uint ConcGCThreads                            = 1                                         {product} {ergonomic}
     uint G1ConcRefinementThreads                  = 4                                         {product} {ergonomic}
   size_t G1HeapRegionSize                         = 1048576                                   {product} {ergonomic}
    uintx GCDrainStackTargetSize                   = 64                                        {product} {ergonomic}
   size_t InitialHeapSize                          = 134217728                                 {product} {ergonomic}
   size_t MarkStackSize                            = 4194304                                   {product} {ergonomic}
   size_t MaxHeapSize                              = 2147483648                                {product} {ergonomic}
   size_t MaxNewSize                               = 1287651328                                {product} {ergonomic}
   size_t MinHeapDeltaBytes                        = 1048576                                   {product} {ergonomic}
    uintx NonNMethodCodeHeapSize                   = 5830732                                {pd product} {ergonomic}
    uintx NonProfiledCodeHeapSize                  = 122913754                              {pd product} {ergonomic}
    uintx ProfiledCodeHeapSize                     = 122913754                              {pd product} {ergonomic}
    uintx ReservedCodeCacheSize                    = 251658240                              {pd product} {ergonomic}
     bool SegmentedCodeCache                       = true                                      {product} {ergonomic}
     bool UseCompressedClassPointers               = true                                 {lp64_product} {ergonomic}
     bool UseCompressedOops                        = true                                 {lp64_product} {ergonomic}
     bool UseG1GC                                  = true                                      {product} {ergonomic}

Logging:
Log output configuration:
 #0: stdout all=warning uptime,level,tags
 #1: stderr all=off uptime,level,tags

Environment Variables:
PATH=/usr/bin:/bin:/usr/sbin:/sbin
SHELL=/bin/zsh

Signal Handlers:
SIGSEGV: [libjvm.dylib+0x7c69d4], sa_mask[0]=11111111011111110111111111111111, sa_flags=SA_ONSTACK|SA_RESTART|SA_SIGINFO
SIGBUS: [libjvm.dylib+0x7c69d4], sa_mask[0]=11111111011111110111111111111111, sa_flags=SA_RESTART|SA_SIGINFO
SIGFPE: [libjvm.dylib+0x7c69d4], sa_mask[0]=11111111011111110111111111111111, sa_flags=SA_RESTART|SA_SIGINFO
SIGPIPE: [libjvm.dylib+0x62b2ae], sa_mask[0]=11111111011111110111111111111111, sa_flags=SA_RESTART|SA_SIGINFO
SIGXFSZ: [libjvm.dylib+0x62b2ae], sa_mask[0]=11111111011111110111111111111111, sa_flags=SA_RESTART|SA_SIGINFO
SIGILL: [libjvm.dylib+0x7c69d4], sa_mask[0]=11111111011111110111111111111111, sa_flags=SA_RESTART|SA_SIGINFO
SIGUSR2: [libjvm.dylib+0x62b895], sa_mask[0]=00100000000000000000000000000000, sa_flags=SA_RESTART|SA_SIGINFO
SIGHUP: [libjvm.dylib+0x62a477], sa_mask[0]=11111111011111110111111111111111, sa_flags=SA_RESTART|SA_SIGINFO
SIGINT: [libjvm.dylib+0x62a477], sa_mask[0]=11111111011111110111111111111111, sa_flags=SA_RESTART|SA_SIGINFO
SIGTERM: [libjvm.dylib+0x62a477], sa_mask[0]=11111111011111110111111111111111, sa_flags=SA_RESTART|SA_SIGINFO
SIGQUIT: [libjvm.dylib+0x62a477], sa_mask[0]=11111111011111110111111111111111, sa_flags=SA_RESTART|SA_SIGINFO


---------------  S Y S T E M  ---------------

OS:uname:Darwin 21.3.0 Darwin Kernel Version 21.3.0: Wed Jan  5 21:37:58 PST 2022; root:xnu-8019.80.24~20/RELEASE_X86_64 x86_64
OS uptime: 0 days 0:06 hours
rlimit (soft/hard): STACK 8192k/65532k , CORE 0k/infinity , NPROC 1392/2088 , NOFILE 10240/infinity , AS infinity/infinity , CPU infinity/infinity , DATA infinity/infinity , FSIZE infinity/infinity , MEMLOCK infinity/infinity , RSS infinity/infinity
load average:4.02 6.78 4.63

CPU:total 4 (initial active 4) (2 cores per cpu, 2 threads per core) family 6 model 142 stepping 9 microcode 0xec, cmov, cx8, fxsr, mmx, sse, sse2, sse3, ssse3, sse4.1, sse4.2, popcnt, avx, avx2, aes, clmul, erms, rtm, 3dnowpref, lzcnt, ht, tsc, tscinvbit, bmi1, bmi2, adx, fma

Memory: 4k page, physical 8388608k(851600k free), swap 0k(0k free)

vm_info: OpenJDK 64-Bit Server VM (11.0.14.1+1) for bsd-amd64 JRE (11.0.14.1+1), built on Feb  8 2022 17:43:13 by "jenkins" with clang 4.2.1 Compatible Apple LLVM 10.0.1 (clang-1001.0.46.4)

END.
